TN:
SF:src/constants/roles.ts
FN:13,(anonymous_0)
FNF:1
FNH:1
FNDA:13,(anonymous_0)
DA:1,3
DA:10,3
DA:13,3
DA:14,13
LF:4
LH:4
BRF:0
BRH:0
end_of_record
TN:
SF:src/entities/DbInstance.entity.ts
FN:4,(anonymous_2)
FN:10,(anonymous_3)
FN:29,(anonymous_4)
FNF:3
FNH:2
FNDA:24,(anonymous_2)
FNDA:12,(anonymous_3)
FNDA:0,(anonymous_4)
DA:1,24
DA:2,24
DA:4,24
DA:5,24
DA:6,24
DA:10,24
DA:12,24
DA:15,24
DA:18,24
DA:21,24
DA:24,24
DA:27,24
DA:29,0
DA:30,24
DA:33,24
DA:36,24
LF:16
LH:15
BRDA:4,0,0,24
BRDA:4,0,1,24
BRF:2
BRH:2
end_of_record
TN:
SF:src/entities/Pod.entity.ts
FN:5,(anonymous_2)
FN:12,(anonymous_3)
FNF:2
FNH:1
FNDA:10,(anonymous_2)
FNDA:0,(anonymous_3)
DA:1,24
DA:2,24
DA:5,24
DA:7,24
DA:10,24
DA:12,0
DA:13,24
DA:16,24
LF:8
LH:7
BRF:0
BRH:0
end_of_record
TN:
SF:src/entities/QueryAuditLog.entity.ts
FN:6,(anonymous_2)
FN:15,(anonymous_3)
FN:19,(anonymous_4)
FN:22,(anonymous_5)
FN:25,(anonymous_6)
FN:31,(anonymous_7)
FNF:6
FNH:2
FNDA:24,(anonymous_2)
FNDA:11,(anonymous_3)
FNDA:0,(anonymous_4)
FNDA:0,(anonymous_5)
FNDA:0,(anonymous_6)
FNDA:0,(anonymous_7)
DA:1,24
DA:2,24
DA:3,24
DA:4,24
DA:6,24
DA:7,24
DA:8,24
DA:9,24
DA:10,24
DA:11,24
DA:15,24
DA:17,24
DA:19,0
DA:20,24
DA:22,0
DA:23,24
DA:25,0
DA:26,24
DA:29,24
DA:31,0
DA:32,24
LF:21
LH:17
BRDA:6,0,0,24
BRDA:6,0,1,24
BRF:2
BRH:2
end_of_record
TN:
SF:src/entities/QueryRequest.entity.ts
FN:7,(anonymous_2)
FN:12,(anonymous_3)
FN:21,(anonymous_4)
FN:25,(anonymous_5)
FN:28,(anonymous_6)
FN:31,(anonymous_7)
FN:37,(anonymous_8)
FN:49,(anonymous_9)
FN:52,(anonymous_10)
FN:61,(anonymous_11)
FN:64,(anonymous_12)
FN:64,(anonymous_13)
FNF:12
FNH:3
FNDA:24,(anonymous_2)
FNDA:24,(anonymous_3)
FNDA:15,(anonymous_4)
FNDA:0,(anonymous_5)
FNDA:0,(anonymous_6)
FNDA:0,(anonymous_7)
FNDA:0,(anonymous_8)
FNDA:0,(anonymous_9)
FNDA:0,(anonymous_10)
FNDA:0,(anonymous_11)
FNDA:0,(anonymous_12)
FNDA:0,(anonymous_13)
DA:1,24
DA:2,24
DA:3,24
DA:4,24
DA:5,24
DA:7,24
DA:8,24
DA:9,24
DA:12,24
DA:13,24
DA:14,24
DA:15,24
DA:16,24
DA:17,24
DA:21,24
DA:23,24
DA:25,0
DA:26,24
DA:28,0
DA:29,24
DA:31,0
DA:32,24
DA:35,24
DA:37,0
DA:38,24
DA:41,24
DA:44,24
DA:47,24
DA:49,0
DA:50,24
DA:52,0
DA:53,24
DA:56,24
DA:59,24
DA:61,0
DA:62,24
DA:64,0
DA:65,24
LF:38
LH:30
BRDA:7,0,0,24
BRDA:7,0,1,24
BRDA:12,1,0,24
BRDA:12,1,1,24
BRF:4
BRH:4
end_of_record
TN:
SF:src/entities/RefreshToken.entity.ts
FN:6,(anonymous_2)
FN:10,(anonymous_3)
FN:19,(anonymous_4)
FNF:3
FNH:1
FNDA:10,(anonymous_2)
FNDA:0,(anonymous_3)
FNDA:0,(anonymous_4)
DA:1,24
DA:2,24
DA:3,24
DA:6,24
DA:8,24
DA:10,0
DA:11,24
DA:14,24
DA:17,24
DA:19,0
DA:20,24
LF:11
LH:9
BRF:0
BRH:0
end_of_record
TN:
SF:src/entities/User.entity.ts
FN:4,(anonymous_2)
FN:11,(anonymous_3)
FN:24,(anonymous_4)
FNF:3
FNH:2
FNDA:24,(anonymous_2)
FNDA:23,(anonymous_3)
FNDA:0,(anonymous_4)
DA:1,24
DA:2,24
DA:4,24
DA:5,24
DA:6,24
DA:7,24
DA:11,24
DA:13,24
DA:16,24
DA:19,24
DA:22,24
DA:24,0
DA:25,24
DA:28,24
DA:31,24
LF:15
LH:14
BRDA:4,0,0,24
BRDA:4,0,1,24
BRF:2
BRH:2
end_of_record
TN:
SF:src/entities/index.ts
FN:1,(anonymous_0)
FN:1,(anonymous_1)
FN:2,(anonymous_2)
FN:3,(anonymous_3)
FN:3,(anonymous_4)
FN:4,(anonymous_5)
FN:4,(anonymous_6)
FN:4,(anonymous_7)
FN:5,(anonymous_8)
FN:6,(anonymous_9)
FN:6,(anonymous_10)
FNF:11
FNH:11
FNDA:20,(anonymous_0)
FNDA:1,(anonymous_1)
FNDA:9,(anonymous_2)
FNDA:10,(anonymous_3)
FNDA:1,(anonymous_4)
FNDA:34,(anonymous_5)
FNDA:1,(anonymous_6)
FNDA:8,(anonymous_7)
FNDA:7,(anonymous_8)
FNDA:22,(anonymous_9)
FNDA:3,(anonymous_10)
DA:1,44
DA:2,33
DA:3,34
DA:4,58
DA:5,31
DA:6,46
LF:6
LH:6
BRF:0
BRH:0
end_of_record
TN:
SF:src/errors/AppError.ts
FN:10,(anonymous_0)
FNF:1
FNH:1
FNDA:90,(anonymous_0)
DA:5,12
DA:15,90
DA:16,90
DA:17,90
DA:18,90
DA:19,90
DA:22,90
LF:7
LH:7
BRDA:12,0,0,2
BRDA:13,1,0,2
BRF:2
BRH:2
end_of_record
TN:
SF:src/errors/BadRequestError.ts
FN:8,(anonymous_0)
FNF:1
FNH:1
FNDA:28,(anonymous_0)
DA:1,12
DA:7,12
DA:9,28
LF:3
LH:3
BRDA:8,0,0,3
BRF:1
BRH:1
end_of_record
TN:
SF:src/errors/ConflictError.ts
FN:8,(anonymous_0)
FNF:1
FNH:1
FNDA:5,(anonymous_0)
DA:1,12
DA:7,12
DA:9,5
LF:3
LH:3
BRDA:8,0,0,3
BRF:1
BRH:1
end_of_record
TN:
SF:src/errors/ForbiddenError.ts
FN:8,(anonymous_0)
FNF:1
FNH:1
FNDA:14,(anonymous_0)
DA:1,12
DA:7,12
DA:9,14
LF:3
LH:3
BRDA:8,0,0,3
BRF:1
BRH:1
end_of_record
TN:
SF:src/errors/InternalError.ts
FN:8,(anonymous_0)
FNF:1
FNH:1
FNDA:5,(anonymous_0)
DA:1,12
DA:7,12
DA:9,5
LF:3
LH:3
BRDA:8,0,0,3
BRF:1
BRH:1
end_of_record
TN:
SF:src/errors/NotFoundError.ts
FN:8,(anonymous_0)
FNF:1
FNH:1
FNDA:14,(anonymous_0)
DA:1,12
DA:7,12
DA:9,14
LF:3
LH:3
BRDA:8,0,0,3
BRF:1
BRH:1
end_of_record
TN:
SF:src/errors/UnauthorizedError.ts
FN:8,(anonymous_0)
FNF:1
FNH:1
FNDA:14,(anonymous_0)
DA:1,12
DA:7,12
DA:9,14
LF:3
LH:3
BRDA:8,0,0,3
BRF:1
BRH:1
end_of_record
TN:
SF:src/errors/ValidationError.ts
FN:15,(anonymous_0)
FNF:1
FNH:1
FNDA:6,(anonymous_0)
DA:1,12
DA:12,12
DA:16,6
DA:17,6
LF:4
LH:4
BRDA:15,0,0,3
BRDA:15,1,0,3
BRF:2
BRH:2
end_of_record
TN:
SF:src/errors/index.ts
FN:2,(anonymous_0)
FN:5,(anonymous_1)
FN:6,(anonymous_2)
FN:7,(anonymous_3)
FN:8,(anonymous_4)
FN:9,(anonymous_5)
FN:10,(anonymous_6)
FN:13,(anonymous_7)
FNF:8
FNH:8
FNDA:28,(anonymous_0)
FNDA:29,(anonymous_1)
FNDA:26,(anonymous_2)
FNDA:15,(anonymous_3)
FNDA:16,(anonymous_4)
FNDA:5,(anonymous_5)
FNDA:19,(anonymous_6)
FNDA:5,(anonymous_7)
DA:2,40
DA:5,41
DA:6,38
DA:7,27
DA:8,28
DA:9,17
DA:10,31
DA:13,17
LF:8
LH:8
BRF:0
BRH:0
end_of_record
TN:
SF:src/execution/mongo-query.executor.ts
FN:3,executeMongoQuery
FN:22,(anonymous_1)
FN:30,(anonymous_2)
FN:35,(anonymous_3)
FN:39,(anonymous_4)
FN:43,(anonymous_5)
FN:47,(anonymous_6)
FN:51,(anonymous_7)
FN:55,(anonymous_8)
FN:59,(anonymous_9)
FN:63,(anonymous_10)
FN:67,(anonymous_11)
FN:80,(anonymous_12)
FN:83,(anonymous_13)
FN:84,(anonymous_14)
FN:85,(anonymous_15)
FN:86,(anonymous_16)
FN:87,(anonymous_17)
FN:88,(anonymous_18)
FN:89,(anonymous_19)
FN:90,(anonymous_20)
FN:91,(anonymous_21)
FN:92,(anonymous_22)
FN:97,(anonymous_23)
FNF:24
FNH:23
FNDA:36,executeMongoQuery
FNDA:18,(anonymous_1)
FNDA:4,(anonymous_2)
FNDA:3,(anonymous_3)
FNDA:1,(anonymous_4)
FNDA:1,(anonymous_5)
FNDA:1,(anonymous_6)
FNDA:1,(anonymous_7)
FNDA:1,(anonymous_8)
FNDA:1,(anonymous_9)
FNDA:2,(anonymous_10)
FNDA:2,(anonymous_11)
FNDA:14,(anonymous_12)
FNDA:3,(anonymous_13)
FNDA:2,(anonymous_14)
FNDA:1,(anonymous_15)
FNDA:1,(anonymous_16)
FNDA:1,(anonymous_17)
FNDA:1,(anonymous_18)
FNDA:1,(anonymous_19)
FNDA:1,(anonymous_20)
FNDA:2,(anonymous_21)
FNDA:1,(anonymous_22)
FNDA:0,(anonymous_23)
DA:1,4
DA:3,4
DA:8,36
DA:13,36
DA:14,36
DA:15,35
DA:18,35
DA:21,35
DA:23,18
DA:25,17
DA:27,17
DA:30,17
DA:31,4
DA:32,4
DA:35,17
DA:36,3
DA:39,17
DA:40,1
DA:43,17
DA:44,1
DA:47,17
DA:48,1
DA:51,17
DA:52,1
DA:55,17
DA:56,1
DA:59,17
DA:60,1
DA:63,17
DA:64,2
DA:67,17
DA:68,2
DA:69,2
DA:72,17
DA:75,1
DA:80,35
DA:81,14
DA:82,14
DA:83,3
DA:84,2
DA:85,1
DA:86,1
DA:87,1
DA:88,1
DA:89,1
DA:90,1
DA:91,2
DA:92,1
DA:97,35
DA:98,35
DA:106,34
DA:107,34
DA:110,36
LF:53
LH:53
BRDA:23,0,0,17
BRDA:23,0,1,1
BRDA:30,1,0,1
BRDA:35,2,0,1
BRDA:63,3,0,1
BRDA:83,4,0,1
BRDA:84,5,0,1
BRDA:91,6,0,1
BRF:8
BRH:8
end_of_record
TN:
SF:src/execution/postgres-query.executor.ts
FN:3,executePostgresQuery
FNF:1
FNH:1
FNDA:2,executePostgresQuery
DA:1,4
DA:3,4
DA:13,2
DA:22,2
DA:23,2
DA:24,1
DA:29,2
LF:7
LH:7
BRF:0
BRH:0
end_of_record
TN:
SF:src/execution/sandbox/executor.ts
FN:20,getRunnerPath
FN:33,getForkOptions
FN:45,createTempScriptFile
FN:54,cleanupTempFile
FN:77,executeInSandbox
FN:82,(anonymous_6)
FN:91,(anonymous_7)
FN:109,(anonymous_8)
FN:113,(anonymous_9)
FN:117,(anonymous_10)
FN:122,(anonymous_11)
FN:167,executePostgresScriptSandboxed
FN:246,executeMongoScriptSandboxed
FNF:13
FNH:13
FNDA:23,getRunnerPath
FNDA:37,getForkOptions
FNDA:23,createTempScriptFile
FNDA:23,cleanupTempFile
FNDA:37,executeInSandbox
FNDA:37,(anonymous_6)
FNDA:3,(anonymous_7)
FNDA:32,(anonymous_8)
FNDA:2,(anonymous_9)
FNDA:1,(anonymous_10)
FNDA:35,(anonymous_11)
FNDA:16,executePostgresScriptSandboxed
FNDA:7,executeMongoScriptSandboxed
DA:11,4
DA:12,4
DA:13,4
DA:14,4
DA:15,4
DA:17,4
DA:21,23
DA:22,23
DA:26,23
DA:27,22
DA:29,1
DA:35,37
DA:38,37
DA:39,1
DA:41,36
DA:46,23
DA:47,23
DA:48,23
DA:49,23
DA:50,23
DA:55,23
DA:56,23
DA:57,22
DA:82,37
DA:83,37
DA:85,37
DA:86,37
DA:87,37
DA:88,37
DA:91,37
DA:92,3
DA:93,3
DA:96,37
DA:98,37
DA:99,37
DA:109,36
DA:110,32
DA:113,36
DA:114,2
DA:117,36
DA:118,1
DA:119,1
DA:122,36
DA:123,35
DA:125,35
DA:126,3
DA:132,3
DA:137,32
DA:138,32
DA:139,28
DA:149,4
DA:157,32
DA:161,1
DA:162,1
DA:167,4
DA:178,16
DA:181,16
DA:183,16
DA:184,16
DA:189,16
DA:191,16
DA:192,3
DA:196,13
DA:197,2
DA:201,11
DA:202,9
DA:204,9
DA:206,18
DA:208,17
DA:210,3
DA:211,14
DA:213,8
DA:214,8
DA:215,4
DA:216,1
DA:218,3
DA:222,4
DA:224,6
DA:225,3
DA:229,9
DA:230,9
DA:235,2
DA:236,2
DA:238,1
DA:242,16
DA:246,4
DA:252,7
DA:255,7
DA:257,7
DA:258,7
DA:264,7
DA:266,7
DA:267,3
DA:270,4
DA:273,7
DA:278,4
LF:96
LH:96
BRDA:26,0,0,22
BRDA:26,0,1,1
BRDA:35,1,0,37
BRDA:35,1,1,36
BRDA:38,2,0,1
BRDA:38,2,1,36
BRDA:56,3,0,22
BRDA:56,3,1,1
BRDA:80,4,0,33
BRDA:83,5,0,37
BRDA:83,5,1,33
BRDA:125,6,0,3
BRDA:125,6,1,32
BRDA:140,7,0,28
BRDA:140,7,1,1
BRDA:153,8,0,2
BRDA:153,8,1,2
BRDA:153,9,0,2
BRDA:153,9,1,1
BRDA:191,10,0,3
BRDA:191,10,1,13
BRDA:192,11,0,3
BRDA:192,11,1,1
BRDA:196,12,0,2
BRDA:196,12,1,11
BRDA:201,13,0,9
BRDA:201,13,1,2
BRDA:201,14,0,11
BRDA:201,14,1,9
BRDA:206,15,0,1
BRDA:206,15,1,17
BRDA:206,16,0,18
BRDA:206,16,1,15
BRDA:206,16,2,7
BRDA:208,17,0,3
BRDA:208,17,1,14
BRDA:211,18,0,8
BRDA:211,18,1,6
BRDA:215,19,0,1
BRDA:215,19,1,3
BRDA:224,20,0,3
BRDA:224,20,1,3
BRDA:224,21,0,6
BRDA:224,21,1,3
BRDA:229,22,0,9
BRDA:229,22,1,0
BRDA:230,23,0,5
BRDA:230,23,1,4
BRDA:266,24,0,3
BRDA:266,24,1,4
BRDA:267,25,0,3
BRDA:267,25,1,1
BRDA:270,26,0,4
BRDA:270,26,1,2
BRDA:270,26,2,1
BRF:55
BRH:54
end_of_record
TN:
SF:src/middlewares/auth.middleware.ts
FN:6,(anonymous_1)
FN:22,(anonymous_2)
FN:63,(anonymous_3)
FN:64,(anonymous_4)
FNF:4
FNH:4
FNDA:10,(anonymous_1)
FNDA:13,(anonymous_2)
FNDA:9,(anonymous_3)
FNDA:9,(anonymous_4)
DA:2,2
DA:3,2
DA:4,2
DA:6,2
DA:7,10
DA:8,10
DA:9,1
DA:11,9
DA:22,2
DA:27,13
DA:28,13
DA:30,13
DA:31,3
DA:34,10
DA:36,10
DA:41,8
DA:43,8
DA:44,1
DA:47,7
DA:53,7
DA:55,6
DA:56,4
DA:58,2
DA:63,2
DA:64,9
DA:65,9
DA:66,1
DA:69,8
DA:70,5
DA:73,3
LF:30
LH:30
BRDA:8,0,0,1
BRDA:8,0,1,9
BRDA:30,1,0,3
BRDA:30,1,1,10
BRDA:30,2,0,13
BRDA:30,2,1,11
BRDA:43,3,0,1
BRDA:43,3,1,7
BRDA:55,4,0,4
BRDA:55,4,1,2
BRDA:65,5,0,1
BRDA:65,5,1,8
BRDA:69,6,0,5
BRDA:69,6,1,3
BRF:14
BRH:14
end_of_record
TN:
SF:src/middlewares/errorHandler.middleware.ts
FN:17,globalErrorHandler
FN:33,(anonymous_1)
FN:96,asyncHandler
FN:99,(anonymous_3)
FN:107,notFoundHandler
FNF:5
FNH:5
FNDA:22,globalErrorHandler
FNDA:6,(anonymous_1)
FNDA:22,asyncHandler
FNDA:4,(anonymous_3)
FNDA:2,notFoundHandler
DA:2,2
DA:3,2
DA:17,2
DA:24,22
DA:25,7
DA:26,7
DA:27,4
DA:32,22
DA:33,6
DA:38,5
DA:45,5
DA:46,1
DA:49,5
DA:50,5
DA:54,17
DA:55,13
DA:62,13
DA:63,1
DA:67,13
DA:68,2
DA:71,13
DA:72,13
DA:76,4
DA:85,4
DA:86,1
DA:89,4
DA:96,2
DA:99,22
DA:100,4
DA:107,2
DA:108,2
DA:109,2
LF:32
LH:32
BRDA:24,0,0,7
BRDA:24,0,1,15
BRDA:26,1,0,4
BRDA:26,1,1,3
BRDA:32,2,0,5
BRDA:32,2,1,17
BRDA:45,3,0,1
BRDA:45,3,1,4
BRDA:54,4,0,13
BRDA:54,4,1,4
BRDA:62,5,0,1
BRDA:62,5,1,12
BRDA:62,6,0,13
BRDA:62,6,1,2
BRDA:67,7,0,2
BRDA:67,7,1,11
BRDA:79,8,0,1
BRDA:79,8,1,3
BRDA:81,9,0,3
BRDA:81,9,1,0
BRDA:85,10,0,1
BRDA:85,10,1,3
BRF:22
BRH:21
end_of_record
TN:
SF:src/middlewares/security.middleware.ts
FN:17,(anonymous_1)
FN:65,(anonymous_2)
FN:68,(anonymous_3)
FN:99,(anonymous_4)
FN:123,(anonymous_5)
FN:153,(anonymous_6)
FN:154,(anonymous_7)
FN:162,(anonymous_8)
FNF:8
FNH:7
FNDA:12,(anonymous_1)
FNDA:0,(anonymous_2)
FNDA:10,(anonymous_3)
FNDA:12,(anonymous_4)
FNDA:220,(anonymous_5)
FNDA:5,(anonymous_6)
FNDA:8,(anonymous_7)
FNDA:3,(anonymous_8)
DA:1,2
DA:2,2
DA:3,2
DA:6,2
DA:18,12
DA:23,2
DA:36,2
DA:49,2
DA:62,2
DA:65,0
DA:69,10
DA:75,2
DA:99,2
DA:101,12
DA:104,12
DA:105,12
DA:106,12
DA:107,12
DA:108,12
DA:111,12
DA:112,8
DA:113,8
DA:114,8
DA:117,12
DA:121,2
DA:123,2
DA:124,220
DA:125,220
DA:126,220
DA:129,220
DA:130,428
DA:131,3
DA:136,220
DA:137,220
DA:138,214
DA:140,6
DA:144,220
DA:145,220
DA:146,5
DA:149,220
DA:153,2
DA:154,8
DA:160,5
DA:162,3
LF:44
LH:43
BRDA:18,0,0,12
BRDA:18,0,1,11
BRDA:69,1,0,10
BRDA:69,1,1,9
BRDA:111,2,0,8
BRDA:111,2,1,4
BRDA:124,3,0,220
BRDA:124,3,1,2
BRDA:124,3,2,1
BRDA:130,4,0,3
BRDA:130,4,1,425
BRDA:137,5,0,214
BRDA:137,5,1,6
BRDA:145,6,0,5
BRDA:145,6,1,215
BRDA:145,7,0,220
BRDA:145,7,1,220
BRF:17
BRH:17
end_of_record
TN:
SF:src/middlewares/upload.middleware.ts
FN:8,(anonymous_1)
FN:25,(anonymous_2)
FNF:2
FNH:2
FNDA:7,(anonymous_1)
FNDA:11,(anonymous_2)
DA:1,2
DA:2,2
DA:5,2
DA:8,2
DA:9,7
DA:10,4
DA:12,3
DA:15,2
DA:25,2
DA:26,11
DA:27,8
DA:29,8
DA:30,1
DA:37,7
DA:40,10
LF:15
LH:15
BRDA:9,0,0,4
BRDA:9,0,1,3
BRDA:26,1,0,8
BRDA:26,1,1,3
BRDA:26,2,0,11
BRDA:26,2,1,10
BRDA:29,3,0,1
BRDA:29,3,1,7
BRF:8
BRH:8
end_of_record
TN:
SF:src/modules/audit/audit.controller.ts
FN:7,serializeAuditLog
FN:21,(anonymous_1)
FN:54,(anonymous_2)
FNF:3
FNH:3
FNDA:13,serializeAuditLog
FNDA:12,(anonymous_1)
FNDA:2,(anonymous_2)
DA:3,2
DA:8,13
DA:20,2
DA:22,12
DA:23,12
DA:24,12
DA:28,12
DA:29,1
DA:30,11
DA:32,7
DA:33,7
DA:36,7
DA:48,4
DA:51,11
DA:55,2
DA:56,2
DA:57,1
LF:17
LH:17
BRDA:15,0,0,13
BRDA:15,0,1,0
BRDA:22,1,0,12
BRDA:22,1,1,7
BRDA:23,2,0,12
BRDA:23,2,1,7
BRDA:28,3,0,1
BRDA:28,3,1,11
BRDA:30,4,0,7
BRDA:30,4,1,4
BRDA:30,5,0,11
BRDA:30,5,1,9
BRDA:30,5,2,8
BRDA:30,5,3,7
BRDA:30,5,4,6
BRDA:30,5,5,5
BRDA:30,5,6,4
BRDA:32,6,0,2
BRDA:32,6,1,5
BRDA:33,7,0,2
BRDA:33,7,1,5
BRF:21
BRH:20
end_of_record
TN:
SF:src/modules/audit/audit.repository.ts
FN:4,(anonymous_0)
FN:19,(anonymous_1)
FN:40,(anonymous_2)
FN:52,(anonymous_3)
FN:66,(anonymous_4)
FN:80,(anonymous_5)
FN:94,(anonymous_6)
FNF:7
FNH:7
FNDA:2,(anonymous_0)
FNDA:2,(anonymous_1)
FNDA:1,(anonymous_2)
FNDA:2,(anonymous_3)
FNDA:3,(anonymous_4)
FNDA:2,(anonymous_5)
FNDA:11,(anonymous_6)
DA:1,5
DA:2,5
DA:4,7
DA:18,5
DA:25,2
DA:27,2
DA:28,2
DA:30,2
DA:31,2
DA:32,2
DA:33,2
DA:34,2
DA:36,2
DA:37,2
DA:41,1
DA:42,1
DA:53,2
DA:54,2
DA:67,3
DA:68,3
DA:81,2
DA:82,2
DA:95,11
DA:96,11
DA:98,11
DA:99,2
DA:101,11
DA:102,1
DA:104,11
DA:105,3
DA:107,11
DA:108,2
DA:110,11
DA:113,2
DA:114,2
DA:118,2
DA:120,11
DA:121,3
DA:122,3
DA:123,2
DA:125,3
DA:126,2
DA:128,3
DA:131,11
LF:44
LH:44
BRDA:34,0,0,2
BRDA:34,0,1,1
BRDA:52,1,0,1
BRDA:52,2,0,1
BRDA:66,3,0,1
BRDA:66,4,0,1
BRDA:80,5,0,1
BRDA:80,6,0,1
BRDA:98,7,0,2
BRDA:98,7,1,9
BRDA:101,8,0,1
BRDA:101,8,1,10
BRDA:104,9,0,3
BRDA:104,9,1,8
BRDA:107,10,0,2
BRDA:107,10,1,9
BRDA:110,11,0,2
BRDA:110,11,1,9
BRDA:113,12,0,2
BRDA:113,12,1,2
BRDA:120,13,0,3
BRDA:120,13,1,8
BRDA:120,14,0,11
BRDA:120,14,1,9
BRDA:122,15,0,2
BRDA:122,15,1,1
BRDA:125,16,0,2
BRDA:125,16,1,1
BRDA:137,17,0,11
BRDA:137,17,1,10
BRDA:138,18,0,11
BRDA:138,18,1,10
BRF:32
BRH:32
end_of_record
TN:
SF:src/modules/auth/auth.controller.ts
FN:6,(anonymous_0)
FN:12,(anonymous_1)
FN:18,(anonymous_2)
FN:24,(anonymous_3)
FNF:4
FNH:4
FNDA:2,(anonymous_0)
FNDA:2,(anonymous_1)
FNDA:2,(anonymous_2)
FNDA:2,(anonymous_3)
DA:2,2
DA:5,2
DA:7,2
DA:8,2
DA:9,1
DA:13,2
DA:14,2
DA:15,1
DA:19,2
DA:20,2
DA:21,1
DA:25,2
DA:26,1
LF:13
LH:13
BRF:0
BRH:0
end_of_record
TN:
SF:src/modules/auth/auth.service.ts
FN:11,(anonymous_1)
FN:20,(anonymous_2)
FN:28,(anonymous_3)
FN:32,(anonymous_4)
FN:65,(anonymous_5)
FN:92,(anonymous_6)
FN:96,(anonymous_7)
FNF:7
FNH:7
FNDA:4,(anonymous_1)
FNDA:4,(anonymous_2)
FNDA:2,(anonymous_3)
FNDA:3,(anonymous_4)
FNDA:3,(anonymous_5)
FNDA:1,(anonymous_6)
FNDA:1,(anonymous_7)
DA:1,3
DA:2,3
DA:3,3
DA:4,3
DA:5,3
DA:6,3
DA:8,3
DA:9,3
DA:11,3
DA:12,4
DA:13,4
DA:14,1
DA:16,3
DA:19,3
DA:21,4
DA:29,2
DA:33,3
DA:35,3
DA:36,1
DA:39,2
DA:41,2
DA:42,1
DA:45,1
DA:46,1
DA:48,1
DA:49,1
DA:51,1
DA:53,1
DA:66,3
DA:68,3
DA:69,1
DA:72,2
DA:74,2
DA:75,1
DA:79,1
DA:81,1
DA:93,1
DA:97,1
LF:38
LH:38
BRDA:13,0,0,1
BRDA:13,0,1,3
BRDA:35,1,0,1
BRDA:35,1,1,2
BRDA:41,2,0,1
BRDA:41,2,1,1
BRDA:68,3,0,1
BRDA:68,3,1,2
BRDA:74,4,0,1
BRDA:74,4,1,1
BRF:10
BRH:10
end_of_record
TN:
SF:src/modules/auth/refreshToken.repository.ts
FN:6,(anonymous_1)
FN:10,(anonymous_2)
FN:25,(anonymous_3)
FN:39,(anonymous_4)
FN:46,(anonymous_5)
FN:51,(anonymous_6)
FNF:6
FNH:6
FNDA:8,(anonymous_1)
FNDA:1,(anonymous_2)
FNDA:2,(anonymous_3)
FNDA:1,(anonymous_4)
FNDA:1,(anonymous_5)
FNDA:1,(anonymous_6)
DA:1,4
DA:2,4
DA:3,4
DA:5,4
DA:7,8
DA:11,1
DA:12,1
DA:14,1
DA:16,1
DA:17,1
DA:18,1
DA:19,1
DA:21,1
DA:22,1
DA:26,2
DA:27,2
DA:29,2
DA:40,1
DA:41,1
DA:43,1
DA:47,1
DA:48,1
DA:52,1
DA:53,1
LF:24
LH:24
BRF:0
BRH:0
end_of_record
TN:
SF:src/modules/databases/database.controller.ts
FN:6,(anonymous_0)
FN:9,(anonymous_1)
FNF:2
FNH:2
FNDA:2,(anonymous_0)
FNDA:2,(anonymous_1)
DA:2,2
DA:4,2
DA:7,2
DA:8,2
DA:9,2
LF:5
LH:5
BRF:0
BRH:0
end_of_record
TN:
SF:src/modules/databases/database.service.ts
FN:7,(anonymous_0)
FN:23,(anonymous_1)
FN:53,(anonymous_2)
FN:71,(anonymous_3)
FN:77,(anonymous_4)
FN:96,(anonymous_5)
FN:97,(anonymous_6)
FNF:7
FNH:6
FNDA:10,(anonymous_0)
FNDA:5,(anonymous_1)
FNDA:0,(anonymous_2)
FNDA:2,(anonymous_3)
FNDA:3,(anonymous_4)
FNDA:5,(anonymous_5)
FNDA:5,(anonymous_6)
DA:1,3
DA:2,3
DA:3,3
DA:4,3
DA:6,3
DA:8,10
DA:10,10
DA:11,1
DA:14,9
DA:15,5
DA:16,4
DA:17,3
DA:19,1
DA:29,5
DA:30,3
DA:34,2
DA:35,2
DA:36,2
DA:38,2
DA:39,5
DA:40,5
DA:49,5
DA:50,1
DA:51,1
DA:53,4
DA:54,4
DA:58,2
DA:59,1
DA:62,1
DA:63,1
DA:71,2
DA:73,1
DA:80,3
DA:81,1
DA:84,2
DA:89,2
DA:90,2
DA:91,1
DA:92,1
DA:95,1
DA:96,5
DA:97,5
DA:100,2
LF:43
LH:43
BRDA:10,0,0,1
BRDA:10,0,1,9
BRDA:14,1,0,5
BRDA:14,1,1,4
BRDA:16,2,0,3
BRDA:16,2,1,1
BRDA:29,3,0,3
BRDA:29,3,1,2
BRDA:29,4,0,5
BRDA:29,4,1,4
BRDA:29,4,2,4
BRDA:29,4,3,3
BRDA:53,5,0,4
BRDA:53,5,1,0
BRDA:58,6,0,1
BRDA:58,6,1,1
BRDA:58,7,0,2
BRDA:58,7,1,1
BRDA:80,8,0,1
BRDA:80,8,1,2
BRF:20
BRH:19
end_of_record
TN:
SF:src/modules/db-instances/dbInstance.controller.ts
FN:6,(anonymous_0)
FNF:1
FNH:1
FNDA:2,(anonymous_0)
DA:2,2
DA:4,2
DA:7,2
DA:9,2
DA:10,1
DA:11,1
DA:14,1
DA:15,1
LF:8
LH:8
BRDA:9,0,0,1
BRDA:9,0,1,1
BRF:2
BRH:2
end_of_record
TN:
SF:src/modules/db-instances/dbInstance.repository.ts
FN:17,decryptInstance
FN:34,(anonymous_1)
FN:40,(anonymous_2)
FN:51,(anonymous_3)
FN:54,(anonymous_4)
FN:65,(anonymous_5)
FNF:6
FNH:6
FNDA:4,decryptInstance
FNDA:4,(anonymous_1)
FNDA:1,(anonymous_2)
FNDA:2,(anonymous_3)
FNDA:1,(anonymous_4)
FNDA:2,(anonymous_5)
DA:1,7
DA:2,7
DA:3,7
DA:18,4
DA:20,3
DA:33,7
DA:35,4
DA:36,4
DA:37,4
DA:41,1
DA:42,1
DA:51,2
DA:55,1
DA:56,1
DA:65,2
LF:15
LH:15
BRDA:18,0,0,1
BRDA:18,0,1,3
BRDA:27,1,0,1
BRDA:27,1,1,2
BRDA:28,2,0,1
BRDA:28,2,1,2
BRF:6
BRH:6
end_of_record
TN:
SF:src/modules/pods/pods.controller.ts
FN:7,serializePod
FN:19,(anonymous_1)
FN:25,(anonymous_2)
FNF:3
FNH:3
FNDA:3,serializePod
FNDA:1,(anonymous_1)
FNDA:2,(anonymous_2)
DA:2,2
DA:3,2
DA:8,3
DA:17,2
DA:20,1
DA:21,1
DA:26,2
DA:27,2
DA:29,2
DA:30,1
DA:33,1
LF:11
LH:11
BRDA:29,0,0,1
BRDA:29,0,1,1
BRF:2
BRH:2
end_of_record
TN:
SF:src/modules/pods/pods.repository.ts
FN:5,(anonymous_0)
FN:13,(anonymous_1)
FNF:2
FNH:2
FNDA:1,(anonymous_0)
FNDA:2,(anonymous_1)
DA:1,3
DA:2,3
DA:4,3
DA:6,1
DA:7,1
DA:14,2
DA:15,2
LF:7
LH:7
BRF:0
BRH:0
end_of_record
TN:
SF:src/modules/queries/query.controller.ts
FN:8,(anonymous_0)
FN:44,(anonymous_1)
FN:52,(anonymous_2)
FN:68,(anonymous_3)
FN:101,(anonymous_4)
FN:120,(anonymous_5)
FNF:6
FNH:5
FNDA:6,(anonymous_0)
FNDA:2,(anonymous_1)
FNDA:3,(anonymous_2)
FNDA:5,(anonymous_3)
FNDA:3,(anonymous_4)
FNDA:0,(anonymous_5)
DA:3,2
DA:4,2
DA:5,2
DA:7,2
DA:16,6
DA:18,6
DA:19,1
DA:23,5
DA:26,5
DA:27,2
DA:30,3
DA:41,2
DA:45,2
DA:46,2
DA:48,2
DA:49,1
DA:53,3
DA:54,3
DA:55,3
DA:56,3
DA:58,3
DA:59,2
DA:69,5
DA:70,5
DA:71,5
DA:73,5
DA:74,5
DA:75,5
DA:82,5
DA:84,1
DA:85,4
DA:87,3
DA:90,1
DA:93,4
DA:102,3
DA:103,3
DA:105,3
DA:106,3
DA:107,3
DA:112,3
DA:113,2
DA:121,0
DA:122,0
DA:123,0
DA:125,0
DA:126,0
LF:46
LH:41
BRDA:18,0,0,1
BRDA:18,0,1,5
BRDA:18,1,0,6
BRDA:18,1,1,4
BRDA:23,2,0,3
BRDA:23,2,1,2
BRDA:26,3,0,2
BRDA:26,3,1,3
BRDA:26,4,0,5
BRDA:26,4,1,3
BRDA:26,4,2,3
BRDA:73,5,0,1
BRDA:73,5,1,4
BRDA:76,6,0,0
BRDA:76,6,1,5
BRDA:77,7,0,0
BRDA:77,7,1,5
BRDA:82,8,0,1
BRDA:82,8,1,4
BRDA:85,9,0,3
BRDA:85,9,1,1
BRDA:105,10,0,1
BRDA:105,10,1,2
BRDA:108,11,0,1
BRDA:108,11,1,2
BRDA:109,12,0,1
BRDA:109,12,1,2
BRF:27
BRH:25
end_of_record
TN:
SF:src/modules/queries/query.repository.ts
FN:10,(anonymous_0)
FN:17,(anonymous_1)
FN:23,(anonymous_2)
FN:37,(anonymous_3)
FN:68,(anonymous_4)
FN:92,(anonymous_5)
FN:111,(anonymous_6)
FN:136,(anonymous_7)
FN:155,(anonymous_8)
FN:179,(anonymous_9)
FN:194,(anonymous_10)
FN:207,(anonymous_11)
FNF:12
FNH:12
FNDA:2,(anonymous_0)
FNDA:2,(anonymous_1)
FNDA:2,(anonymous_2)
FNDA:3,(anonymous_3)
FNDA:5,(anonymous_4)
FNDA:2,(anonymous_5)
FNDA:4,(anonymous_6)
FNDA:3,(anonymous_7)
FNDA:4,(anonymous_8)
FNDA:4,(anonymous_9)
FNDA:1,(anonymous_10)
FNDA:1,(anonymous_11)
DA:1,4
DA:2,4
DA:9,4
DA:11,2
DA:12,2
DA:18,2
DA:19,2
DA:20,2
DA:24,2
DA:25,2
DA:26,2
DA:28,2
DA:29,2
DA:30,2
DA:31,2
DA:33,2
DA:34,2
DA:47,3
DA:49,3
DA:50,3
DA:51,3
DA:53,3
DA:54,3
DA:55,3
DA:56,3
DA:57,3
DA:58,3
DA:59,3
DA:60,3
DA:61,3
DA:62,3
DA:64,3
DA:65,3
DA:74,5
DA:75,5
DA:77,5
DA:78,2
DA:81,5
DA:82,2
DA:85,5
DA:97,2
DA:98,2
DA:100,2
DA:101,1
DA:104,2
DA:105,1
DA:108,2
DA:117,4
DA:118,4
DA:120,4
DA:121,2
DA:124,4
DA:125,2
DA:128,4
DA:141,3
DA:142,3
DA:144,3
DA:145,1
DA:148,3
DA:149,1
DA:152,3
DA:160,4
DA:161,4
DA:163,4
DA:164,2
DA:167,4
DA:168,2
DA:171,4
DA:180,4
DA:181,4
DA:183,4
DA:184,2
DA:187,4
DA:188,2
DA:191,4
DA:195,1
DA:196,1
DA:197,1
DA:199,1
DA:200,1
DA:201,1
DA:202,1
DA:204,1
DA:208,1
DA:209,1
DA:210,1
DA:212,1
DA:213,1
DA:214,1
DA:215,1
DA:217,1
LF:91
LH:91
BRDA:30,0,0,2
BRDA:30,0,1,1
BRDA:58,1,0,3
BRDA:58,1,1,2
BRDA:77,2,0,2
BRDA:77,2,1,3
BRDA:77,3,0,5
BRDA:77,3,1,3
BRDA:81,4,0,2
BRDA:81,4,1,3
BRDA:100,5,0,1
BRDA:100,5,1,1
BRDA:100,6,0,2
BRDA:100,6,1,1
BRDA:104,7,0,1
BRDA:104,7,1,1
BRDA:120,8,0,2
BRDA:120,8,1,2
BRDA:120,9,0,4
BRDA:120,9,1,2
BRDA:124,10,0,2
BRDA:124,10,1,2
BRDA:144,11,0,1
BRDA:144,11,1,2
BRDA:144,12,0,3
BRDA:144,12,1,1
BRDA:148,13,0,1
BRDA:148,13,1,2
BRDA:163,14,0,2
BRDA:163,14,1,2
BRDA:163,15,0,4
BRDA:163,15,1,2
BRDA:167,16,0,2
BRDA:167,16,1,2
BRDA:183,17,0,2
BRDA:183,17,1,2
BRDA:183,18,0,4
BRDA:183,18,1,2
BRDA:187,19,0,2
BRDA:187,19,1,2
BRF:40
BRH:40
end_of_record
TN:
SF:src/modules/queries/query.service.ts
FN:24,serializeQuery
FN:49,serializeQueries
FN:54,buildAuditDetails
FN:70,buildSlackQueryInfo
FN:99,(anonymous_4)
FN:129,(anonymous_5)
FN:258,(anonymous_6)
FN:302,(anonymous_7)
FN:327,(anonymous_8)
FN:352,(anonymous_9)
FN:376,(anonymous_10)
FN:388,(anonymous_11)
FNF:12
FNH:12
FNDA:19,serializeQuery
FNDA:12,serializeQueries
FNDA:18,buildAuditDetails
FNDA:22,buildSlackQueryInfo
FNDA:3,(anonymous_4)
FNDA:18,(anonymous_5)
FNDA:6,(anonymous_6)
FNDA:5,(anonymous_7)
FNDA:3,(anonymous_8)
FNDA:4,(anonymous_9)
FNDA:8,(anonymous_10)
FNDA:5,(anonymous_11)
DA:1,3
DA:2,3
DA:3,3
DA:4,3
DA:5,3
DA:6,3
DA:7,3
DA:8,3
DA:10,3
DA:11,3
DA:25,19
DA:50,12
DA:55,18
DA:83,22
DA:98,3
DA:109,3
DA:112,3
DA:120,3
DA:121,3
DA:123,1
DA:126,3
DA:130,18
DA:131,18
DA:132,1
DA:135,17
DA:136,1
DA:139,16
DA:140,16
DA:141,1
DA:145,15
DA:146,15
DA:147,15
DA:149,15
DA:152,15
DA:153,10
DA:154,4
DA:157,6
DA:158,2
DA:159,1
DA:162,1
DA:173,4
DA:184,5
DA:185,4
DA:186,1
DA:189,3
DA:190,2
DA:191,1
DA:194,1
DA:200,1
DA:207,1
DA:210,5
DA:213,5
DA:224,5
DA:225,5
DA:227,1
DA:230,5
DA:233,10
DA:236,10
DA:248,10
DA:249,10
DA:251,1
DA:254,10
DA:259,6
DA:261,6
DA:262,1
DA:266,5
DA:267,4
DA:272,4
DA:273,1
DA:278,4
DA:279,4
DA:280,4
DA:282,4
DA:285,4
DA:293,4
DA:294,4
DA:296,1
DA:299,4
DA:308,5
DA:313,5
DA:314,5
DA:316,5
DA:333,3
DA:338,3
DA:339,3
DA:341,3
DA:357,4
DA:362,4
DA:363,4
DA:365,4
DA:377,8
DA:378,8
DA:379,1
DA:383,7
DA:385,6
DA:387,3
DA:388,5
DA:389,3
DA:390,2
DA:394,3
DA:395,2
DA:399,3
LF:102
LH:102
BRDA:54,0,0,3
BRDA:85,1,0,22
BRDA:85,1,1,22
BRDA:86,2,0,22
BRDA:86,2,1,22
BRDA:89,3,0,22
BRDA:89,3,1,22
BRDA:90,4,0,22
BRDA:90,4,1,0
BRDA:131,5,0,1
BRDA:131,5,1,17
BRDA:135,6,0,1
BRDA:135,6,1,16
BRDA:140,7,0,1
BRDA:140,7,1,15
BRDA:146,8,0,15
BRDA:146,8,1,0
BRDA:152,9,0,10
BRDA:152,9,1,5
BRDA:153,10,0,4
BRDA:153,10,1,6
BRDA:153,11,0,10
BRDA:153,11,1,9
BRDA:153,11,2,8
BRDA:153,11,3,7
BRDA:157,12,0,2
BRDA:157,12,1,4
BRDA:158,13,0,1
BRDA:158,13,1,1
BRDA:184,14,0,4
BRDA:184,14,1,1
BRDA:185,15,0,1
BRDA:185,15,1,3
BRDA:189,16,0,2
BRDA:189,16,1,1
BRDA:190,17,0,1
BRDA:190,17,1,1
BRDA:261,18,0,1
BRDA:261,18,1,5
BRDA:266,19,0,4
BRDA:266,19,1,1
BRDA:272,20,0,1
BRDA:272,20,1,3
BRDA:279,21,0,4
BRDA:279,21,1,0
BRDA:313,22,0,5
BRDA:313,22,1,4
BRDA:314,23,0,5
BRDA:314,23,1,4
BRDA:338,24,0,3
BRDA:338,24,1,2
BRDA:339,25,0,3
BRDA:339,25,1,2
BRDA:362,26,0,4
BRDA:362,26,1,3
BRDA:363,27,0,4
BRDA:363,27,1,3
BRDA:378,28,0,1
BRDA:378,28,1,7
BRDA:383,29,0,1
BRDA:383,29,1,6
BRDA:385,30,0,3
BRDA:385,30,1,3
BRDA:389,31,0,2
BRDA:389,31,1,1
BRDA:389,32,0,3
BRDA:389,32,1,1
BRDA:394,33,0,2
BRDA:394,33,1,1
BRF:69
BRH:66
end_of_record
TN:
SF:src/modules/users/user.controller.ts
FN:6,(anonymous_0)
FN:10,(anonymous_1)
FN:23,(anonymous_2)
FN:35,(anonymous_3)
FNF:4
FNH:4
FNDA:2,(anonymous_0)
FNDA:2,(anonymous_1)
FNDA:3,(anonymous_2)
FNDA:2,(anonymous_3)
DA:3,2
DA:5,2
DA:7,2
DA:10,2
DA:17,2
DA:24,3
DA:25,3
DA:27,3
DA:29,3
DA:36,2
DA:37,2
DA:39,2
DA:40,1
DA:43,1
LF:14
LH:14
BRDA:27,0,0,3
BRDA:27,0,1,2
BRDA:39,1,0,1
BRDA:39,1,1,1
BRF:4
BRH:4
end_of_record
TN:
SF:src/modules/users/user.repository.ts
FN:5,(anonymous_0)
FN:10,(anonymous_1)
FN:15,(anonymous_2)
FN:20,(anonymous_3)
FN:27,(anonymous_4)
FNF:5
FNH:4
FNDA:2,(anonymous_0)
FNDA:2,(anonymous_1)
FNDA:2,(anonymous_2)
FNDA:3,(anonymous_3)
FNDA:0,(anonymous_4)
DA:1,8
DA:2,8
DA:4,8
DA:6,2
DA:7,2
DA:11,2
DA:12,2
DA:16,2
DA:17,2
DA:21,3
DA:22,3
DA:23,3
DA:24,3
DA:28,0
DA:29,0
LF:15
LH:13
BRDA:23,0,0,3
BRDA:23,0,1,2
BRF:2
BRH:2
end_of_record
TN:
SF:src/services/slack.service.ts
FN:34,truncate
FN:41,formatQueryPreview
FN:49,formatExecutionResult
FN:105,(anonymous_3)
FN:112,(anonymous_4)
FN:129,(anonymous_5)
FN:146,(anonymous_6)
FN:207,(anonymous_7)
FN:292,(anonymous_8)
FN:367,(anonymous_9)
FNF:10
FNH:10
FNDA:15,truncate
FNDA:4,formatQueryPreview
FNDA:16,formatExecutionResult
FNDA:27,(anonymous_3)
FNDA:20,(anonymous_4)
FNDA:6,(anonymous_5)
FNDA:4,(anonymous_6)
FNDA:17,(anonymous_7)
FNDA:2,(anonymous_8)
FNDA:3,(anonymous_9)
DA:1,34
DA:4,34
DA:5,34
DA:6,34
DA:9,34
DA:35,15
DA:36,14
DA:37,1
DA:42,4
DA:43,1
DA:45,3
DA:50,16
DA:51,1
DA:55,15
DA:56,1
DA:60,14
DA:61,3
DA:65,11
DA:66,4
DA:67,4
DA:68,4
DA:72,7
DA:73,1
DA:74,1
DA:78,6
DA:80,3
DA:81,1
DA:85,2
DA:86,2
DA:87,1
DA:89,1
DA:94,3
DA:95,3
DA:98,0
DA:101,34
DA:106,27
DA:113,20
DA:115,20
DA:116,20
DA:122,1
DA:130,6
DA:132,5
DA:133,5
DA:139,2
DA:147,4
DA:149,3
DA:150,3
DA:152,3
DA:200,3
DA:201,3
DA:212,17
DA:214,16
DA:215,16
DA:217,16
DA:265,16
DA:268,16
DA:269,16
DA:273,16
DA:274,2
DA:285,2
DA:297,2
DA:299,1
DA:301,1
DA:340,1
DA:343,1
DA:344,1
DA:348,1
DA:349,1
DA:360,1
DA:372,3
DA:374,1
DA:376,1
DA:422,1
DA:423,1
LF:74
LH:73
BRDA:9,0,0,28
BRDA:9,0,1,6
BRDA:35,1,0,1
BRDA:35,1,1,14
BRDA:36,2,0,13
BRDA:36,2,1,1
BRDA:42,3,0,1
BRDA:42,3,1,3
BRDA:43,4,0,1
BRDA:43,4,1,0
BRDA:45,5,0,3
BRDA:45,5,1,1
BRDA:50,6,0,1
BRDA:50,6,1,15
BRDA:55,7,0,1
BRDA:55,7,1,14
BRDA:60,8,0,3
BRDA:60,8,1,11
BRDA:65,9,0,4
BRDA:65,9,1,7
BRDA:65,10,0,11
BRDA:65,10,1,4
BRDA:66,11,0,4
BRDA:66,11,1,2
BRDA:72,12,0,1
BRDA:72,12,1,6
BRDA:78,13,0,3
BRDA:78,13,1,3
BRDA:80,14,0,1
BRDA:80,14,1,2
BRDA:80,15,0,3
BRDA:80,15,1,2
BRDA:94,16,0,3
BRDA:94,16,1,0
BRDA:94,17,0,3
BRDA:94,17,1,2
BRDA:94,17,2,1
BRDA:106,18,0,27
BRDA:106,18,1,25
BRDA:106,18,2,25
BRDA:113,19,0,0
BRDA:113,19,1,20
BRDA:130,20,0,1
BRDA:130,20,1,5
BRDA:130,21,0,6
BRDA:130,21,1,6
BRDA:130,21,2,6
BRDA:147,22,0,1
BRDA:147,22,1,3
BRDA:149,23,0,1
BRDA:149,23,1,2
BRDA:212,24,0,1
BRDA:212,24,1,16
BRDA:212,25,0,17
BRDA:212,25,1,17
BRDA:215,26,0,4
BRDA:215,26,1,12
BRDA:268,27,0,16
BRDA:268,27,1,0
BRDA:273,28,0,2
BRDA:273,28,1,14
BRDA:297,29,0,1
BRDA:297,29,1,1
BRDA:297,30,0,2
BRDA:297,30,1,2
BRDA:299,31,0,0
BRDA:299,31,1,1
BRDA:343,32,0,1
BRDA:343,32,1,0
BRDA:348,33,0,1
BRDA:348,33,1,0
BRDA:372,34,0,2
BRDA:372,34,1,1
BRDA:372,35,0,3
BRDA:372,35,1,3
BRDA:372,35,2,2
BRDA:417,36,0,1
BRDA:417,36,1,0
BRF:78
BRH:70
end_of_record
TN:
SF:src/utils/crypto.ts
FN:7,getKey
FN:16,encrypt
FN:29,decrypt
FNF:3
FNH:3
FNDA:20,getKey
FNDA:12,encrypt
FNDA:10,decrypt
DA:1,7
DA:3,7
DA:4,7
DA:5,7
DA:8,20
DA:9,20
DA:10,2
DA:13,18
DA:16,7
DA:17,12
DA:18,12
DA:20,11
DA:21,11
DA:23,11
DA:26,11
DA:29,7
DA:30,10
DA:31,10
DA:32,2
DA:35,8
DA:36,8
DA:37,8
DA:39,8
DA:40,7
DA:42,7
DA:43,7
DA:45,6
LF:27
LH:27
BRDA:9,0,0,2
BRDA:9,0,1,18
BRDA:31,1,0,2
BRDA:31,1,1,8
BRF:4
BRH:4
end_of_record
TN:
SF:src/validation/index.ts
FN:1,(anonymous_4)
FNF:1
FNH:1
FNDA:16,(anonymous_4)
DA:1,18
DA:2,2
LF:2
LH:2
BRF:0
BRH:0
end_of_record
TN:
SF:src/validation/validate.middleware.ts
FN:9,validate
FN:10,(anonymous_1)
FNF:2
FNH:2
FNDA:22,validate
FNDA:10,(anonymous_1)
DA:9,3
DA:10,22
DA:11,10
DA:12,10
DA:17,6
DA:20,4
LF:6
LH:6
BRF:0
BRH:0
end_of_record
TN:
SF:src/validation/schemas/audit.schema.ts
FN:9,(anonymous_0)
FNF:1
FNH:1
FNDA:2,(anonymous_0)
DA:1,3
DA:3,3
DA:5,3
DA:9,2
DA:23,3
LF:5
LH:5
BRF:0
BRH:0
end_of_record
TN:
SF:src/validation/schemas/auth.schema.ts
FNF:0
FNH:0
DA:1,3
DA:3,3
DA:10,3
DA:16,3
LF:4
LH:4
BRF:0
BRH:0
end_of_record
TN:
SF:src/validation/schemas/database.schema.ts
FNF:0
FNH:0
DA:1,3
DA:3,3
LF:2
LH:2
BRF:0
BRH:0
end_of_record
TN:
SF:src/validation/schemas/index.ts
FNF:0
FNH:0
DA:1,3
DA:2,3
DA:3,3
DA:4,3
DA:5,3
DA:6,3
LF:6
LH:6
BRF:0
BRH:0
end_of_record
TN:
SF:src/validation/schemas/instance.schema.ts
FNF:0
FNH:0
DA:1,3
DA:3,3
LF:2
LH:2
BRF:0
BRH:0
end_of_record
TN:
SF:src/validation/schemas/pod.schema.ts
FNF:0
FNH:0
DA:1,3
DA:3,3
LF:2
LH:2
BRF:0
BRH:0
end_of_record
TN:
SF:src/validation/schemas/query.schema.ts
FN:11,(anonymous_0)
FN:14,(anonymous_1)
FN:36,(anonymous_2)
FN:46,(anonymous_3)
FN:69,(anonymous_4)
FN:96,(anonymous_5)
FNF:6
FNH:6
FNDA:18,(anonymous_0)
FNDA:138,(anonymous_1)
FNDA:45,(anonymous_2)
FNDA:45,(anonymous_3)
FNDA:12,(anonymous_4)
FNDA:2,(anonymous_5)
DA:1,6
DA:4,6
DA:5,6
DA:6,6
DA:7,6
DA:8,6
DA:11,6
DA:12,18
DA:14,138
DA:16,18
DA:17,18
DA:20,18
DA:23,6
DA:38,45
DA:39,42
DA:41,3
DA:48,45
DA:49,33
DA:51,33
DA:52,33
DA:53,13
DA:56,20
DA:57,20
DA:58,0
DA:61,32
DA:69,6
DA:70,12
DA:73,6
DA:79,6
DA:90,6
DA:96,2
DA:107,6
LF:32
LH:31
BRDA:16,0,0,18
BRDA:16,0,1,0
BRDA:38,1,0,42
BRDA:38,1,1,3
BRDA:39,2,0,42
BRDA:39,2,1,33
BRDA:48,3,0,33
BRDA:48,3,1,12
BRDA:48,4,0,45
BRDA:48,4,1,42
BRDA:52,5,0,13
BRDA:52,5,1,20
BRDA:52,6,0,33
BRDA:52,6,1,15
BRDA:56,7,0,20
BRDA:56,7,1,18
BRDA:57,8,0,0
BRDA:57,8,1,20
BRF:18
BRH:16
end_of_record
