TN:
SF:src/constants/roles.ts
FN:13,(anonymous_0)
FNF:1
FNH:1
FNDA:4,(anonymous_0)
DA:1,1
DA:10,1
DA:13,1
DA:14,4
LF:4
LH:4
BRF:0
BRH:0
end_of_record
TN:
SF:src/entities/DbInstance.entity.ts
FN:4,(anonymous_2)
FN:10,(anonymous_3)
FN:29,(anonymous_4)
FNF:3
FNH:1
FNDA:19,(anonymous_2)
FNDA:0,(anonymous_3)
FNDA:0,(anonymous_4)
DA:1,19
DA:2,19
DA:4,19
DA:5,19
DA:6,19
DA:10,19
DA:12,19
DA:15,19
DA:18,19
DA:21,19
DA:24,19
DA:27,19
DA:29,0
DA:30,19
DA:33,19
DA:36,19
LF:16
LH:15
BRDA:4,0,0,19
BRDA:4,0,1,19
BRF:2
BRH:2
end_of_record
TN:
SF:src/entities/Pod.entity.ts
FN:5,(anonymous_2)
FN:12,(anonymous_3)
FNF:2
FNH:0
FNDA:0,(anonymous_2)
FNDA:0,(anonymous_3)
DA:1,19
DA:2,19
DA:5,19
DA:7,19
DA:10,19
DA:12,0
DA:13,19
DA:16,19
LF:8
LH:7
BRF:0
BRH:0
end_of_record
TN:
SF:src/entities/QueryAuditLog.entity.ts
FN:6,(anonymous_2)
FN:15,(anonymous_3)
FN:19,(anonymous_4)
FN:22,(anonymous_5)
FN:25,(anonymous_6)
FN:31,(anonymous_7)
FNF:6
FNH:2
FNDA:19,(anonymous_2)
FNDA:2,(anonymous_3)
FNDA:0,(anonymous_4)
FNDA:0,(anonymous_5)
FNDA:0,(anonymous_6)
FNDA:0,(anonymous_7)
DA:1,19
DA:2,19
DA:3,19
DA:4,19
DA:6,19
DA:7,19
DA:8,19
DA:9,19
DA:10,19
DA:11,19
DA:15,19
DA:17,19
DA:19,0
DA:20,19
DA:22,0
DA:23,19
DA:25,0
DA:26,19
DA:29,19
DA:31,0
DA:32,19
LF:21
LH:17
BRDA:6,0,0,19
BRDA:6,0,1,19
BRF:2
BRH:2
end_of_record
TN:
SF:src/entities/QueryRequest.entity.ts
FN:7,(anonymous_2)
FN:12,(anonymous_3)
FN:21,(anonymous_4)
FN:25,(anonymous_5)
FN:28,(anonymous_6)
FN:31,(anonymous_7)
FN:37,(anonymous_8)
FN:49,(anonymous_9)
FN:52,(anonymous_10)
FN:61,(anonymous_11)
FN:64,(anonymous_12)
FN:64,(anonymous_13)
FNF:12
FNH:3
FNDA:19,(anonymous_2)
FNDA:19,(anonymous_3)
FNDA:3,(anonymous_4)
FNDA:0,(anonymous_5)
FNDA:0,(anonymous_6)
FNDA:0,(anonymous_7)
FNDA:0,(anonymous_8)
FNDA:0,(anonymous_9)
FNDA:0,(anonymous_10)
FNDA:0,(anonymous_11)
FNDA:0,(anonymous_12)
FNDA:0,(anonymous_13)
DA:1,19
DA:2,19
DA:3,19
DA:4,19
DA:5,19
DA:7,19
DA:8,19
DA:9,19
DA:12,19
DA:13,19
DA:14,19
DA:15,19
DA:16,19
DA:17,19
DA:21,19
DA:23,19
DA:25,0
DA:26,19
DA:28,0
DA:29,19
DA:31,0
DA:32,19
DA:35,19
DA:37,0
DA:38,19
DA:41,19
DA:44,19
DA:47,19
DA:49,0
DA:50,19
DA:52,0
DA:53,19
DA:56,19
DA:59,19
DA:61,0
DA:62,19
DA:64,0
DA:65,19
LF:38
LH:30
BRDA:7,0,0,19
BRDA:7,0,1,19
BRDA:12,1,0,19
BRDA:12,1,1,19
BRF:4
BRH:4
end_of_record
TN:
SF:src/entities/RefreshToken.entity.ts
FN:6,(anonymous_2)
FN:10,(anonymous_3)
FN:19,(anonymous_4)
FNF:3
FNH:1
FNDA:1,(anonymous_2)
FNDA:0,(anonymous_3)
FNDA:0,(anonymous_4)
DA:1,19
DA:2,19
DA:3,19
DA:6,19
DA:8,19
DA:10,0
DA:11,19
DA:14,19
DA:17,19
DA:19,0
DA:20,19
LF:11
LH:9
BRF:0
BRH:0
end_of_record
TN:
SF:src/entities/User.entity.ts
FN:4,(anonymous_2)
FN:11,(anonymous_3)
FN:24,(anonymous_4)
FNF:3
FNH:1
FNDA:19,(anonymous_2)
FNDA:0,(anonymous_3)
FNDA:0,(anonymous_4)
DA:1,19
DA:2,19
DA:4,19
DA:5,19
DA:6,19
DA:7,19
DA:11,19
DA:13,19
DA:16,19
DA:19,19
DA:22,19
DA:24,0
DA:25,19
DA:28,19
LF:14
LH:13
BRDA:4,0,0,19
BRDA:4,0,1,19
BRF:2
BRH:2
end_of_record
TN:
SF:src/entities/index.ts
FN:1,(anonymous_0)
FN:1,(anonymous_1)
FN:2,(anonymous_2)
FN:3,(anonymous_3)
FN:3,(anonymous_4)
FN:4,(anonymous_5)
FN:4,(anonymous_6)
FN:4,(anonymous_7)
FN:5,(anonymous_8)
FN:6,(anonymous_9)
FN:6,(anonymous_10)
FNF:11
FNH:8
FNDA:14,(anonymous_0)
FNDA:0,(anonymous_1)
FNDA:8,(anonymous_2)
FNDA:9,(anonymous_3)
FNDA:0,(anonymous_4)
FNDA:28,(anonymous_5)
FNDA:0,(anonymous_6)
FNDA:7,(anonymous_7)
FNDA:6,(anonymous_8)
FNDA:9,(anonymous_9)
FNDA:2,(anonymous_10)
DA:1,33
DA:2,27
DA:3,28
DA:4,47
DA:5,25
DA:6,28
LF:6
LH:6
BRF:0
BRH:0
end_of_record
TN:
SF:src/errors/AppError.ts
FN:10,(anonymous_0)
FNF:1
FNH:1
FNDA:75,(anonymous_0)
DA:5,11
DA:15,75
DA:16,75
DA:17,75
DA:18,75
DA:19,75
DA:22,75
LF:7
LH:7
BRDA:12,0,0,2
BRDA:13,1,0,2
BRF:2
BRH:2
end_of_record
TN:
SF:src/errors/BadRequestError.ts
FN:8,(anonymous_0)
FNF:1
FNH:1
FNDA:23,(anonymous_0)
DA:1,11
DA:7,11
DA:9,23
LF:3
LH:3
BRDA:8,0,0,3
BRF:1
BRH:1
end_of_record
TN:
SF:src/errors/ConflictError.ts
FN:8,(anonymous_0)
FNF:1
FNH:1
FNDA:5,(anonymous_0)
DA:1,11
DA:7,11
DA:9,5
LF:3
LH:3
BRDA:8,0,0,3
BRF:1
BRH:1
end_of_record
TN:
SF:src/errors/ForbiddenError.ts
FN:8,(anonymous_0)
FNF:1
FNH:1
FNDA:6,(anonymous_0)
DA:1,11
DA:7,11
DA:9,6
LF:3
LH:3
BRDA:8,0,0,3
BRF:1
BRH:1
end_of_record
TN:
SF:src/errors/InternalError.ts
FN:8,(anonymous_0)
FNF:1
FNH:1
FNDA:5,(anonymous_0)
DA:1,11
DA:7,11
DA:9,5
LF:3
LH:3
BRDA:8,0,0,3
BRF:1
BRH:1
end_of_record
TN:
SF:src/errors/NotFoundError.ts
FN:8,(anonymous_0)
FNF:1
FNH:1
FNDA:13,(anonymous_0)
DA:1,11
DA:7,11
DA:9,13
LF:3
LH:3
BRDA:8,0,0,3
BRF:1
BRH:1
end_of_record
TN:
SF:src/errors/UnauthorizedError.ts
FN:8,(anonymous_0)
FNF:1
FNH:1
FNDA:13,(anonymous_0)
DA:1,11
DA:7,11
DA:9,13
LF:3
LH:3
BRDA:8,0,0,3
BRF:1
BRH:1
end_of_record
TN:
SF:src/errors/ValidationError.ts
FN:15,(anonymous_0)
FNF:1
FNH:1
FNDA:6,(anonymous_0)
DA:1,11
DA:12,11
DA:16,6
DA:17,6
LF:4
LH:4
BRDA:15,0,0,3
BRDA:15,1,0,3
BRF:2
BRH:2
end_of_record
TN:
SF:src/errors/index.ts
FN:2,(anonymous_0)
FN:5,(anonymous_1)
FN:6,(anonymous_2)
FN:7,(anonymous_3)
FN:8,(anonymous_4)
FN:9,(anonymous_5)
FN:10,(anonymous_6)
FN:13,(anonymous_7)
FNF:8
FNH:8
FNDA:22,(anonymous_0)
FNDA:24,(anonymous_1)
FNDA:24,(anonymous_2)
FNDA:7,(anonymous_3)
FNDA:15,(anonymous_4)
FNDA:5,(anonymous_5)
FNDA:14,(anonymous_6)
FNDA:5,(anonymous_7)
DA:2,33
DA:5,35
DA:6,35
DA:7,18
DA:8,26
DA:9,16
DA:10,25
DA:13,16
LF:8
LH:8
BRF:0
BRH:0
end_of_record
TN:
SF:src/execution/mongo-query.executor.ts
FN:3,executeMongoQuery
FNF:1
FNH:1
FNDA:1,executeMongoQuery
DA:1,3
DA:3,3
DA:8,1
DA:10,1
DA:11,1
DA:12,1
DA:19,1
DA:28,1
DA:29,1
DA:32,1
LF:10
LH:10
BRF:0
BRH:0
end_of_record
TN:
SF:src/execution/postgres-query.executor.ts
FN:3,executePostgresQuery
FNF:1
FNH:1
FNDA:2,executePostgresQuery
DA:1,3
DA:3,3
DA:13,2
DA:21,2
DA:22,2
DA:23,1
DA:28,2
LF:7
LH:7
BRF:0
BRH:0
end_of_record
TN:
SF:src/execution/sandbox/executor.ts
FN:17,getRunnerPath
FN:30,getForkOptions
FN:54,executeInSandbox
FN:59,(anonymous_4)
FN:68,(anonymous_5)
FN:86,(anonymous_6)
FN:90,(anonymous_7)
FN:94,(anonymous_8)
FN:99,(anonymous_9)
FN:144,executePostgresScriptSandboxed
FN:197,executeMongoScriptSandboxed
FNF:11
FNH:11
FNDA:17,getRunnerPath
FNDA:31,getForkOptions
FNDA:31,executeInSandbox
FNDA:31,(anonymous_4)
FNDA:3,(anonymous_5)
FNDA:26,(anonymous_6)
FNDA:2,(anonymous_7)
FNDA:1,(anonymous_8)
FNDA:29,(anonymous_9)
FNDA:10,executePostgresScriptSandboxed
FNDA:7,executeMongoScriptSandboxed
DA:10,3
DA:11,3
DA:12,3
DA:14,3
DA:18,17
DA:19,17
DA:23,17
DA:24,16
DA:26,1
DA:32,31
DA:35,31
DA:36,1
DA:38,30
DA:59,31
DA:60,31
DA:62,31
DA:63,31
DA:64,31
DA:65,31
DA:68,31
DA:69,3
DA:70,3
DA:73,31
DA:75,31
DA:76,31
DA:86,30
DA:87,26
DA:90,30
DA:91,2
DA:94,30
DA:95,1
DA:96,1
DA:99,30
DA:100,29
DA:102,29
DA:103,3
DA:109,3
DA:114,26
DA:115,26
DA:116,22
DA:126,4
DA:134,26
DA:138,1
DA:139,1
DA:144,3
DA:155,10
DA:157,10
DA:162,10
DA:164,10
DA:165,3
DA:170,7
DA:171,2
DA:175,5
DA:176,3
DA:179,3
DA:180,2
DA:181,2
DA:183,1
DA:186,1
DA:190,2
DA:191,2
DA:193,1
DA:197,3
DA:203,7
DA:205,7
DA:211,7
DA:213,7
DA:214,3
DA:217,4
DA:221,3
LF:70
LH:70
BRDA:23,0,0,16
BRDA:23,0,1,1
BRDA:32,1,0,31
BRDA:32,1,1,30
BRDA:35,2,0,1
BRDA:35,2,1,30
BRDA:57,3,0,27
BRDA:60,4,0,31
BRDA:60,4,1,27
BRDA:102,5,0,3
BRDA:102,5,1,26
BRDA:117,6,0,22
BRDA:117,6,1,1
BRDA:130,7,0,2
BRDA:130,7,1,2
BRDA:130,8,0,2
BRDA:130,8,1,1
BRDA:164,9,0,3
BRDA:164,9,1,7
BRDA:165,10,0,3
BRDA:165,10,1,1
BRDA:170,11,0,2
BRDA:170,11,1,5
BRDA:175,12,0,3
BRDA:175,12,1,2
BRDA:175,13,0,5
BRDA:175,13,1,3
BRDA:176,14,0,2
BRDA:176,14,1,1
BRDA:179,15,0,2
BRDA:179,15,1,1
BRDA:213,16,0,3
BRDA:213,16,1,4
BRDA:214,17,0,3
BRDA:214,17,1,1
BRDA:217,18,0,4
BRDA:217,18,1,2
BRDA:217,18,2,1
BRF:38
BRH:38
end_of_record
TN:
SF:src/middlewares/auth.middleware.ts
FN:6,(anonymous_1)
FN:22,(anonymous_2)
FN:63,(anonymous_3)
FN:64,(anonymous_4)
FNF:4
FNH:4
FNDA:4,(anonymous_1)
FNDA:6,(anonymous_2)
FNDA:3,(anonymous_3)
FNDA:3,(anonymous_4)
DA:2,1
DA:3,1
DA:4,1
DA:6,1
DA:7,4
DA:8,4
DA:9,1
DA:11,3
DA:22,1
DA:27,6
DA:28,6
DA:30,6
DA:31,2
DA:34,4
DA:36,4
DA:41,2
DA:43,2
DA:44,1
DA:47,1
DA:53,1
DA:55,5
DA:56,3
DA:58,2
DA:63,1
DA:64,3
DA:65,3
DA:66,1
DA:69,2
DA:70,1
DA:73,1
LF:30
LH:30
BRDA:8,0,0,1
BRDA:8,0,1,3
BRDA:30,1,0,2
BRDA:30,1,1,4
BRDA:30,2,0,6
BRDA:30,2,1,5
BRDA:43,3,0,1
BRDA:43,3,1,1
BRDA:55,4,0,3
BRDA:55,4,1,2
BRDA:65,5,0,1
BRDA:65,5,1,2
BRDA:69,6,0,1
BRDA:69,6,1,1
BRF:14
BRH:14
end_of_record
TN:
SF:src/middlewares/errorHandler.middleware.ts
FN:17,globalErrorHandler
FN:33,(anonymous_1)
FN:96,asyncHandler
FN:99,(anonymous_3)
FN:107,notFoundHandler
FNF:5
FNH:5
FNDA:15,globalErrorHandler
FNDA:5,(anonymous_1)
FNDA:3,asyncHandler
FNDA:3,(anonymous_3)
FNDA:2,notFoundHandler
DA:2,1
DA:3,1
DA:17,1
DA:24,15
DA:25,7
DA:26,7
DA:27,4
DA:32,15
DA:33,5
DA:38,4
DA:45,4
DA:46,1
DA:49,4
DA:50,4
DA:54,11
DA:55,8
DA:62,8
DA:63,1
DA:67,8
DA:68,2
DA:71,8
DA:72,8
DA:76,3
DA:85,3
DA:86,1
DA:89,3
DA:96,1
DA:99,3
DA:100,3
DA:107,1
DA:108,2
DA:109,2
LF:32
LH:32
BRDA:24,0,0,7
BRDA:24,0,1,8
BRDA:26,1,0,4
BRDA:26,1,1,3
BRDA:32,2,0,4
BRDA:32,2,1,11
BRDA:45,3,0,1
BRDA:45,3,1,3
BRDA:54,4,0,8
BRDA:54,4,1,3
BRDA:62,5,0,1
BRDA:62,5,1,7
BRDA:62,6,0,8
BRDA:62,6,1,2
BRDA:67,7,0,2
BRDA:67,7,1,6
BRDA:79,8,0,1
BRDA:79,8,1,2
BRDA:81,9,0,2
BRDA:81,9,1,0
BRDA:85,10,0,1
BRDA:85,10,1,2
BRF:22
BRH:21
end_of_record
TN:
SF:src/middlewares/upload.middleware.ts
FN:6,(anonymous_1)
FN:14,(anonymous_2)
FNF:2
FNH:2
FNDA:1,(anonymous_1)
FNDA:2,(anonymous_2)
DA:1,1
DA:4,1
DA:7,1
DA:11,1
DA:15,2
DA:16,1
DA:18,1
LF:7
LH:7
BRDA:15,0,0,1
BRDA:15,0,1,1
BRF:2
BRH:2
end_of_record
TN:
SF:src/modules/audit/audit.controller.ts
FN:6,(anonymous_0)
FN:26,(anonymous_1)
FNF:2
FNH:2
FNDA:6,(anonymous_0)
FNDA:2,(anonymous_1)
DA:3,1
DA:5,1
DA:7,6
DA:8,6
DA:9,6
DA:13,6
DA:14,1
DA:15,5
DA:16,1
DA:17,4
DA:18,1
DA:20,3
DA:23,5
DA:27,2
DA:28,2
DA:29,1
LF:16
LH:16
BRDA:7,0,0,6
BRDA:7,0,1,3
BRDA:8,1,0,6
BRDA:8,1,1,3
BRDA:13,2,0,1
BRDA:13,2,1,5
BRDA:15,3,0,1
BRDA:15,3,1,4
BRDA:17,4,0,1
BRDA:17,4,1,3
BRF:10
BRH:10
end_of_record
TN:
SF:src/modules/audit/audit.repository.ts
FN:4,(anonymous_0)
FN:7,(anonymous_1)
FN:28,(anonymous_2)
FN:40,(anonymous_3)
FN:54,(anonymous_4)
FN:68,(anonymous_5)
FNF:6
FNH:6
FNDA:2,(anonymous_0)
FNDA:2,(anonymous_1)
FNDA:1,(anonymous_2)
FNDA:2,(anonymous_3)
FNDA:2,(anonymous_4)
FNDA:2,(anonymous_5)
DA:1,4
DA:2,4
DA:4,6
DA:6,4
DA:13,2
DA:15,2
DA:16,2
DA:18,2
DA:19,2
DA:20,2
DA:21,2
DA:22,2
DA:24,2
DA:25,2
DA:29,1
DA:30,1
DA:41,2
DA:42,2
DA:55,2
DA:56,2
DA:69,2
DA:70,2
LF:22
LH:22
BRDA:22,0,0,2
BRDA:22,0,1,1
BRDA:40,1,0,1
BRDA:40,2,0,1
BRDA:54,3,0,1
BRDA:54,4,0,1
BRDA:68,5,0,1
BRDA:68,6,0,1
BRF:8
BRH:8
end_of_record
TN:
SF:src/modules/auth/auth.controller.ts
FN:6,(anonymous_0)
FN:12,(anonymous_1)
FN:18,(anonymous_2)
FN:24,(anonymous_3)
FNF:4
FNH:4
FNDA:2,(anonymous_0)
FNDA:2,(anonymous_1)
FNDA:2,(anonymous_2)
FNDA:2,(anonymous_3)
DA:2,1
DA:5,1
DA:7,2
DA:8,2
DA:9,1
DA:13,2
DA:14,2
DA:15,1
DA:19,2
DA:20,2
DA:21,1
DA:25,2
DA:26,1
LF:13
LH:13
BRF:0
BRH:0
end_of_record
TN:
SF:src/modules/auth/auth.service.ts
FN:11,(anonymous_1)
FN:20,(anonymous_2)
FN:28,(anonymous_3)
FN:32,(anonymous_4)
FN:65,(anonymous_5)
FN:92,(anonymous_6)
FN:96,(anonymous_7)
FNF:7
FNH:7
FNDA:4,(anonymous_1)
FNDA:4,(anonymous_2)
FNDA:2,(anonymous_3)
FNDA:3,(anonymous_4)
FNDA:3,(anonymous_5)
FNDA:1,(anonymous_6)
FNDA:1,(anonymous_7)
DA:1,2
DA:2,2
DA:3,2
DA:4,2
DA:5,2
DA:6,2
DA:8,2
DA:9,2
DA:11,2
DA:12,4
DA:13,4
DA:14,1
DA:16,3
DA:19,2
DA:21,4
DA:29,2
DA:33,3
DA:35,3
DA:36,1
DA:39,2
DA:41,2
DA:42,1
DA:45,1
DA:46,1
DA:48,1
DA:49,1
DA:51,1
DA:53,1
DA:66,3
DA:68,3
DA:69,1
DA:72,2
DA:74,2
DA:75,1
DA:79,1
DA:81,1
DA:93,1
DA:97,1
LF:38
LH:38
BRDA:13,0,0,1
BRDA:13,0,1,3
BRDA:35,1,0,1
BRDA:35,1,1,2
BRDA:41,2,0,1
BRDA:41,2,1,1
BRDA:68,3,0,1
BRDA:68,3,1,2
BRDA:74,4,0,1
BRDA:74,4,1,1
BRF:10
BRH:10
end_of_record
TN:
SF:src/modules/auth/refreshToken.repository.ts
FN:6,(anonymous_1)
FN:10,(anonymous_2)
FN:25,(anonymous_3)
FN:39,(anonymous_4)
FN:46,(anonymous_5)
FN:51,(anonymous_6)
FNF:6
FNH:6
FNDA:8,(anonymous_1)
FNDA:1,(anonymous_2)
FNDA:2,(anonymous_3)
FNDA:1,(anonymous_4)
FNDA:1,(anonymous_5)
FNDA:1,(anonymous_6)
DA:1,3
DA:2,3
DA:3,3
DA:5,3
DA:7,8
DA:11,1
DA:12,1
DA:14,1
DA:16,1
DA:17,1
DA:18,1
DA:19,1
DA:21,1
DA:22,1
DA:26,2
DA:27,2
DA:29,2
DA:40,1
DA:41,1
DA:43,1
DA:47,1
DA:48,1
DA:52,1
DA:53,1
LF:24
LH:24
BRF:0
BRH:0
end_of_record
TN:
SF:src/modules/databases/database.controller.ts
FN:6,(anonymous_0)
FN:9,(anonymous_1)
FNF:2
FNH:2
FNDA:2,(anonymous_0)
FNDA:2,(anonymous_1)
DA:2,1
DA:4,1
DA:7,2
DA:8,2
DA:9,2
LF:5
LH:5
BRF:0
BRH:0
end_of_record
TN:
SF:src/modules/databases/database.service.ts
FN:7,(anonymous_0)
FN:23,(anonymous_1)
FN:50,(anonymous_2)
FN:56,(anonymous_3)
FN:72,(anonymous_4)
FN:73,(anonymous_5)
FNF:6
FNH:6
FNDA:10,(anonymous_0)
FNDA:5,(anonymous_1)
FNDA:2,(anonymous_2)
FNDA:3,(anonymous_3)
FNDA:5,(anonymous_4)
FNDA:5,(anonymous_5)
DA:1,2
DA:2,2
DA:3,2
DA:4,2
DA:6,2
DA:8,10
DA:10,10
DA:11,1
DA:14,9
DA:15,5
DA:16,4
DA:17,3
DA:19,1
DA:29,5
DA:30,3
DA:33,2
DA:41,2
DA:42,2
DA:50,2
DA:52,2
DA:59,3
DA:60,1
DA:63,2
DA:65,2
DA:66,2
DA:67,1
DA:68,1
DA:71,1
DA:72,5
DA:73,5
DA:76,2
LF:31
LH:31
BRDA:10,0,0,1
BRDA:10,0,1,9
BRDA:14,1,0,5
BRDA:14,1,1,4
BRDA:16,2,0,3
BRDA:16,2,1,1
BRDA:29,3,0,3
BRDA:29,3,1,2
BRDA:29,4,0,5
BRDA:29,4,1,4
BRDA:29,4,2,4
BRDA:29,4,3,3
BRDA:59,5,0,1
BRDA:59,5,1,2
BRF:14
BRH:14
end_of_record
TN:
SF:src/modules/db-instances/dbInstance.controller.ts
FN:6,(anonymous_0)
FNF:1
FNH:1
FNDA:2,(anonymous_0)
DA:2,1
DA:4,1
DA:7,2
DA:9,2
DA:10,1
DA:11,1
DA:14,1
DA:15,1
LF:8
LH:8
BRDA:9,0,0,1
BRDA:9,0,1,1
BRF:2
BRH:2
end_of_record
TN:
SF:src/modules/db-instances/dbInstance.repository.ts
FN:17,decryptInstance
FN:34,(anonymous_1)
FN:40,(anonymous_2)
FN:51,(anonymous_3)
FN:54,(anonymous_4)
FN:65,(anonymous_5)
FNF:6
FNH:6
FNDA:4,decryptInstance
FNDA:4,(anonymous_1)
FNDA:1,(anonymous_2)
FNDA:2,(anonymous_3)
FNDA:1,(anonymous_4)
FNDA:2,(anonymous_5)
DA:1,6
DA:2,6
DA:3,6
DA:18,4
DA:20,3
DA:33,6
DA:35,4
DA:36,4
DA:37,4
DA:41,1
DA:42,1
DA:51,2
DA:55,1
DA:56,1
DA:65,2
LF:15
LH:15
BRDA:18,0,0,1
BRDA:18,0,1,3
BRDA:27,1,0,1
BRDA:27,1,1,2
BRDA:28,2,0,1
BRDA:28,2,1,2
BRF:6
BRH:6
end_of_record
TN:
SF:src/modules/pods/pods.controller.ts
FN:7,(anonymous_0)
FN:13,(anonymous_1)
FNF:2
FNH:2
FNDA:1,(anonymous_0)
FNDA:2,(anonymous_1)
DA:2,1
DA:3,1
DA:5,1
DA:8,1
DA:9,1
DA:14,2
DA:15,2
DA:17,2
DA:18,1
DA:21,1
LF:10
LH:10
BRDA:17,0,0,1
BRDA:17,0,1,1
BRF:2
BRH:2
end_of_record
TN:
SF:src/modules/pods/pods.repository.ts
FN:5,(anonymous_0)
FN:13,(anonymous_1)
FNF:2
FNH:2
FNDA:1,(anonymous_0)
FNDA:2,(anonymous_1)
DA:1,2
DA:2,2
DA:4,2
DA:6,1
DA:7,1
DA:14,2
DA:15,2
LF:7
LH:7
BRF:0
BRH:0
end_of_record
TN:
SF:src/modules/queries/query.controller.ts
FN:8,(anonymous_0)
FN:36,(anonymous_1)
FN:44,(anonymous_2)
FN:60,(anonymous_3)
FN:93,(anonymous_4)
FNF:5
FNH:5
FNDA:4,(anonymous_0)
FNDA:2,(anonymous_1)
FNDA:3,(anonymous_2)
FNDA:5,(anonymous_3)
FNDA:3,(anonymous_4)
DA:3,1
DA:4,1
DA:5,1
DA:7,1
DA:16,4
DA:18,4
DA:19,1
DA:22,3
DA:33,2
DA:37,2
DA:38,2
DA:40,2
DA:41,1
DA:45,3
DA:46,3
DA:47,3
DA:48,3
DA:50,3
DA:51,2
DA:61,5
DA:62,5
DA:63,5
DA:65,5
DA:66,5
DA:67,5
DA:74,5
DA:76,1
DA:77,4
DA:79,3
DA:82,1
DA:85,4
DA:94,3
DA:95,3
DA:97,3
DA:98,3
DA:99,3
DA:104,3
DA:105,2
LF:38
LH:38
BRDA:18,0,0,1
BRDA:18,0,1,3
BRDA:18,1,0,4
BRDA:18,1,1,2
BRDA:65,2,0,1
BRDA:65,2,1,4
BRDA:68,3,0,0
BRDA:68,3,1,5
BRDA:69,4,0,0
BRDA:69,4,1,5
BRDA:74,5,0,1
BRDA:74,5,1,4
BRDA:77,6,0,3
BRDA:77,6,1,1
BRDA:97,7,0,1
BRDA:97,7,1,2
BRDA:100,8,0,1
BRDA:100,8,1,2
BRDA:101,9,0,1
BRDA:101,9,1,2
BRF:20
BRH:18
end_of_record
TN:
SF:src/modules/queries/query.repository.ts
FN:10,(anonymous_0)
FN:17,(anonymous_1)
FN:23,(anonymous_2)
FN:37,(anonymous_3)
FN:68,(anonymous_4)
FN:93,(anonymous_5)
FN:112,(anonymous_6)
FN:137,(anonymous_7)
FN:156,(anonymous_8)
FN:180,(anonymous_9)
FN:195,(anonymous_10)
FN:208,(anonymous_11)
FNF:12
FNH:12
FNDA:2,(anonymous_0)
FNDA:2,(anonymous_1)
FNDA:2,(anonymous_2)
FNDA:3,(anonymous_3)
FNDA:5,(anonymous_4)
FNDA:2,(anonymous_5)
FNDA:4,(anonymous_6)
FNDA:1,(anonymous_7)
FNDA:4,(anonymous_8)
FNDA:1,(anonymous_9)
FNDA:1,(anonymous_10)
FNDA:1,(anonymous_11)
DA:1,3
DA:2,3
DA:9,3
DA:11,2
DA:12,2
DA:18,2
DA:19,2
DA:20,2
DA:24,2
DA:25,2
DA:26,2
DA:28,2
DA:29,2
DA:30,2
DA:31,2
DA:33,2
DA:34,2
DA:47,3
DA:49,3
DA:50,3
DA:51,3
DA:53,3
DA:54,3
DA:55,3
DA:56,3
DA:57,3
DA:58,3
DA:59,3
DA:60,3
DA:61,3
DA:62,3
DA:64,3
DA:65,3
DA:74,5
DA:75,5
DA:77,5
DA:78,2
DA:81,5
DA:82,2
DA:85,5
DA:98,2
DA:99,2
DA:101,2
DA:102,1
DA:105,2
DA:106,1
DA:109,2
DA:118,4
DA:119,4
DA:121,4
DA:122,2
DA:125,4
DA:126,2
DA:129,4
DA:142,1
DA:143,1
DA:145,1
DA:146,0
DA:149,1
DA:150,0
DA:153,1
DA:161,4
DA:162,4
DA:164,4
DA:165,2
DA:168,4
DA:169,2
DA:172,4
DA:181,1
DA:182,1
DA:184,1
DA:185,0
DA:188,1
DA:189,0
DA:192,1
DA:196,1
DA:197,1
DA:198,1
DA:200,1
DA:201,1
DA:202,1
DA:203,1
DA:205,1
DA:209,1
DA:210,1
DA:211,1
DA:213,1
DA:214,1
DA:215,1
DA:216,1
DA:218,1
LF:91
LH:87
BRDA:30,0,0,2
BRDA:30,0,1,1
BRDA:58,1,0,3
BRDA:58,1,1,2
BRDA:77,2,0,2
BRDA:77,2,1,3
BRDA:77,3,0,5
BRDA:77,3,1,3
BRDA:81,4,0,2
BRDA:81,4,1,3
BRDA:101,5,0,1
BRDA:101,5,1,1
BRDA:101,6,0,2
BRDA:101,6,1,1
BRDA:105,7,0,1
BRDA:105,7,1,1
BRDA:121,8,0,2
BRDA:121,8,1,2
BRDA:121,9,0,4
BRDA:121,9,1,2
BRDA:125,10,0,2
BRDA:125,10,1,2
BRDA:145,11,0,0
BRDA:145,11,1,1
BRDA:145,12,0,1
BRDA:145,12,1,0
BRDA:149,13,0,0
BRDA:149,13,1,1
BRDA:164,14,0,2
BRDA:164,14,1,2
BRDA:164,15,0,4
BRDA:164,15,1,2
BRDA:168,16,0,2
BRDA:168,16,1,2
BRDA:184,17,0,0
BRDA:184,17,1,1
BRDA:184,18,0,1
BRDA:184,18,1,0
BRDA:188,19,0,0
BRDA:188,19,1,1
BRF:40
BRH:34
end_of_record
TN:
SF:src/modules/queries/query.service.ts
FN:23,readScriptContent
FN:33,serializeQuery
FN:55,enrichWithScriptContent
FN:60,(anonymous_4)
FN:83,(anonymous_5)
FN:186,(anonymous_6)
FN:218,(anonymous_7)
FN:243,(anonymous_8)
FN:268,(anonymous_9)
FNF:9
FNH:9
FNDA:6,readScriptContent
FNDA:16,serializeQuery
FNDA:14,enrichWithScriptContent
FNDA:2,(anonymous_4)
FNDA:16,(anonymous_5)
FNDA:5,(anonymous_6)
FNDA:7,(anonymous_7)
FNDA:3,(anonymous_8)
FNDA:4,(anonymous_9)
DA:1,2
DA:2,2
DA:3,2
DA:4,2
DA:5,2
DA:6,2
DA:7,2
DA:8,2
DA:10,2
DA:24,6
DA:25,5
DA:26,5
DA:28,1
DA:34,16
DA:56,14
DA:59,2
DA:70,2
DA:73,2
DA:80,2
DA:84,16
DA:85,16
DA:86,1
DA:89,15
DA:90,1
DA:93,14
DA:94,14
DA:95,1
DA:98,13
DA:101,13
DA:102,8
DA:103,4
DA:106,4
DA:107,2
DA:108,1
DA:111,1
DA:122,2
DA:133,5
DA:134,4
DA:135,1
DA:138,3
DA:139,2
DA:140,1
DA:143,1
DA:149,1
DA:156,1
DA:159,4
DA:162,4
DA:169,4
DA:172,9
DA:175,9
DA:182,9
DA:187,5
DA:189,5
DA:190,1
DA:194,4
DA:195,3
DA:200,3
DA:201,1
DA:205,3
DA:208,3
DA:215,3
DA:224,7
DA:229,7
DA:230,7
DA:232,7
DA:249,3
DA:254,3
DA:255,3
DA:257,3
DA:273,4
DA:278,4
DA:279,4
DA:281,4
LF:73
LH:73
BRDA:24,0,0,1
BRDA:24,0,1,5
BRDA:50,1,0,6
BRDA:50,1,1,10
BRDA:85,2,0,1
BRDA:85,2,1,15
BRDA:89,3,0,1
BRDA:89,3,1,14
BRDA:94,4,0,1
BRDA:94,4,1,13
BRDA:101,5,0,8
BRDA:101,5,1,5
BRDA:102,6,0,4
BRDA:102,6,1,4
BRDA:102,7,0,8
BRDA:102,7,1,7
BRDA:102,7,2,6
BRDA:102,7,3,5
BRDA:106,8,0,2
BRDA:106,8,1,2
BRDA:107,9,0,1
BRDA:107,9,1,1
BRDA:133,10,0,4
BRDA:133,10,1,1
BRDA:134,11,0,1
BRDA:134,11,1,3
BRDA:138,12,0,2
BRDA:138,12,1,1
BRDA:139,13,0,1
BRDA:139,13,1,1
BRDA:189,14,0,1
BRDA:189,14,1,4
BRDA:194,15,0,3
BRDA:194,15,1,1
BRDA:200,16,0,1
BRDA:200,16,1,2
BRDA:229,17,0,7
BRDA:229,17,1,6
BRDA:230,18,0,7
BRDA:230,18,1,6
BRDA:254,19,0,3
BRDA:254,19,1,2
BRDA:255,20,0,3
BRDA:255,20,1,2
BRDA:278,21,0,4
BRDA:278,21,1,3
BRDA:279,22,0,4
BRDA:279,22,1,3
BRF:48
BRH:48
end_of_record
TN:
SF:src/modules/users/user.repository.ts
FN:5,(anonymous_0)
FN:10,(anonymous_1)
FNF:2
FNH:2
FNDA:2,(anonymous_0)
FNDA:2,(anonymous_1)
DA:1,4
DA:2,4
DA:4,4
DA:6,2
DA:7,2
DA:11,2
DA:12,2
LF:7
LH:7
BRF:0
BRH:0
end_of_record
TN:
SF:src/utils/crypto.ts
FN:7,getKey
FN:16,encrypt
FN:29,decrypt
FNF:3
FNH:3
FNDA:20,getKey
FNDA:12,encrypt
FNDA:10,decrypt
DA:1,6
DA:3,6
DA:4,6
DA:5,6
DA:8,20
DA:9,20
DA:10,2
DA:13,18
DA:16,6
DA:17,12
DA:18,12
DA:20,11
DA:21,11
DA:23,11
DA:26,11
DA:29,6
DA:30,10
DA:31,10
DA:32,2
DA:35,8
DA:36,8
DA:37,8
DA:39,8
DA:40,7
DA:42,7
DA:43,7
DA:45,6
LF:27
LH:27
BRDA:9,0,0,2
BRDA:9,0,1,18
BRDA:31,1,0,2
BRDA:31,1,1,8
BRF:4
BRH:4
end_of_record
TN:
SF:src/validation/index.ts
FN:1,(anonymous_4)
FNF:1
FNH:0
FNDA:0,(anonymous_4)
DA:1,0
DA:2,0
LF:2
LH:0
BRF:0
BRH:0
end_of_record
TN:
SF:src/validation/validate.middleware.ts
FN:9,validate
FN:10,(anonymous_1)
FNF:2
FNH:2
FNDA:8,validate
FNDA:8,(anonymous_1)
DA:9,1
DA:10,8
DA:11,8
DA:12,8
DA:17,5
DA:20,3
LF:6
LH:6
BRF:0
BRH:0
end_of_record
TN:
SF:src/validation/schemas/audit.schema.ts
FNF:0
FNH:0
DA:1,1
DA:3,1
DA:13,1
LF:3
LH:3
BRF:0
BRH:0
end_of_record
TN:
SF:src/validation/schemas/auth.schema.ts
FNF:0
FNH:0
DA:1,1
DA:3,1
DA:10,1
DA:16,1
LF:4
LH:4
BRF:0
BRH:0
end_of_record
TN:
SF:src/validation/schemas/database.schema.ts
FNF:0
FNH:0
DA:1,1
DA:3,1
LF:2
LH:2
BRF:0
BRH:0
end_of_record
TN:
SF:src/validation/schemas/index.ts
FNF:0
FNH:0
DA:1,1
DA:2,1
DA:3,1
DA:4,1
DA:5,1
DA:6,1
LF:6
LH:6
BRF:0
BRH:0
end_of_record
TN:
SF:src/validation/schemas/instance.schema.ts
FNF:0
FNH:0
DA:1,1
DA:3,1
LF:2
LH:2
BRF:0
BRH:0
end_of_record
TN:
SF:src/validation/schemas/pod.schema.ts
FNF:0
FNH:0
DA:1,1
DA:3,1
LF:2
LH:2
BRF:0
BRH:0
end_of_record
TN:
SF:src/validation/schemas/query.schema.ts
FNF:0
FNH:0
DA:1,1
DA:3,1
DA:16,1
DA:22,1
DA:31,1
LF:5
LH:5
BRF:0
BRH:0
end_of_record
